<?xml version="1.0" encoding="UTF-8"?>
<!-- Generated by org.testng.reporters.JUnitXMLReporter -->
<testsuite ignored="0" hostname="Ashutosh" failures="0" tests="9" name="Test" time="164.765" errors="0" timestamp="2022-08-13T08:34:17 IST">
  <testcase classname="TestNG.TestNgFB" name="FbloginVallid" time="10.531"/>
  <testcase classname="TestNG.TestNgFB" name="FbloginVallid" time="8.593"/>
  <testcase classname="TestNG.TestNgFB" name="FbloginInvallid" time="8.491"/>
  <testcase classname="TestNG.TestNgFB" name="signUpclick" time="4.629"/>
  <testcase classname="TestNG.TestNgFB" name="forgottpassClick" time="23.875"/>
  <testcase classname="TestNG.anotation" name="test1" time="0.001"/>
  <testcase classname="TestNG.anotation" name="test2" time="0.003"/>
  <testcase classname="TestNG.ZerodhaTest" name="CheckFundsClickAddModule" time="13.536"/>
  <testcase classname="TestNG.ZerodhaTest" name="FundWithdrawClickCheck" time="18.351"/>
</testsuite> <!-- Test -->
